Warning[205] E:\!QUINTO SEMESTRE\ARQUITECTURA DE MC Y MU\SUBRUTINAS\LCD.ASM 1 : Found directive in column 1. (__CONFIG)
Warning[205] E:\!QUINTO SEMESTRE\ARQUITECTURA DE MC Y MU\SUBRUTINAS\LCD.ASM 3 : Found directive in column 1. (List)
Warning[205] E:\!QUINTO SEMESTRE\ARQUITECTURA DE MC Y MU\SUBRUTINAS\LCD.ASM 5 : Found directive in column 1. (ORG)
Warning[203] E:\!QUINTO SEMESTRE\ARQUITECTURA DE MC Y MU\SUBRUTINAS\LCD.ASM 38 : Found opcode in column 1. (BSF)
Warning[203] E:\!QUINTO SEMESTRE\ARQUITECTURA DE MC Y MU\SUBRUTINAS\LCD.ASM 39 : Found opcode in column 1. (CLRF)
Message[302] E:\!QUINTO SEMESTRE\ARQUITECTURA DE MC Y MU\SUBRUTINAS\LCD.ASM 39 : Register in operand not in bank 0.  Ensure that bank bits are correct.
Warning[203] E:\!QUINTO SEMESTRE\ARQUITECTURA DE MC Y MU\SUBRUTINAS\LCD.ASM 40 : Found opcode in column 1. (MOVLW)
Warning[203] E:\!QUINTO SEMESTRE\ARQUITECTURA DE MC Y MU\SUBRUTINAS\LCD.ASM 41 : Found opcode in column 1. (MOVWF)
Message[302] E:\!QUINTO SEMESTRE\ARQUITECTURA DE MC Y MU\SUBRUTINAS\LCD.ASM 41 : Register in operand not in bank 0.  Ensure that bank bits are correct.
Warning[203] E:\!QUINTO SEMESTRE\ARQUITECTURA DE MC Y MU\SUBRUTINAS\LCD.ASM 42 : Found opcode in column 1. (MOVLW)
Warning[203] E:\!QUINTO SEMESTRE\ARQUITECTURA DE MC Y MU\SUBRUTINAS\LCD.ASM 43 : Found opcode in column 1. (MOVWF)
Message[302] E:\!QUINTO SEMESTRE\ARQUITECTURA DE MC Y MU\SUBRUTINAS\LCD.ASM 43 : Register in operand not in bank 0.  Ensure that bank bits are correct.
Warning[203] E:\!QUINTO SEMESTRE\ARQUITECTURA DE MC Y MU\SUBRUTINAS\LCD.ASM 44 : Found opcode in column 1. (BCF)
Warning[203] E:\!QUINTO SEMESTRE\ARQUITECTURA DE MC Y MU\SUBRUTINAS\LCD.ASM 45 : Found opcode in column 1. (BCF)
Warning[203] E:\!QUINTO SEMESTRE\ARQUITECTURA DE MC Y MU\SUBRUTINAS\LCD.ASM 46 : Found opcode in column 1. (CLRF)
Warning[203] E:\!QUINTO SEMESTRE\ARQUITECTURA DE MC Y MU\SUBRUTINAS\LCD.ASM 52 : Found opcode in column 1. (CLRF)
Warning[203] E:\!QUINTO SEMESTRE\ARQUITECTURA DE MC Y MU\SUBRUTINAS\LCD.ASM 53 : Found opcode in column 1. (CALL)
Warning[203] E:\!QUINTO SEMESTRE\ARQUITECTURA DE MC Y MU\SUBRUTINAS\LCD.ASM 54 : Found opcode in column 1. (CALL)
Warning[203] E:\!QUINTO SEMESTRE\ARQUITECTURA DE MC Y MU\SUBRUTINAS\LCD.ASM 55 : Found opcode in column 1. (CLRF)
Warning[203] E:\!QUINTO SEMESTRE\ARQUITECTURA DE MC Y MU\SUBRUTINAS\LCD.ASM 56 : Found opcode in column 1. (CALL)
Warning[203] E:\!QUINTO SEMESTRE\ARQUITECTURA DE MC Y MU\SUBRUTINAS\LCD.ASM 57 : Found opcode in column 1. (CALL)
Warning[203] E:\!QUINTO SEMESTRE\ARQUITECTURA DE MC Y MU\SUBRUTINAS\LCD.ASM 58 : Found opcode in column 1. (CLRF)
Warning[203] E:\!QUINTO SEMESTRE\ARQUITECTURA DE MC Y MU\SUBRUTINAS\LCD.ASM 59 : Found opcode in column 1. (CLRF)
Warning[203] E:\!QUINTO SEMESTRE\ARQUITECTURA DE MC Y MU\SUBRUTINAS\LCD.ASM 60 : Found opcode in column 1. (CLRF)
Warning[203] E:\!QUINTO SEMESTRE\ARQUITECTURA DE MC Y MU\SUBRUTINAS\LCD.ASM 61 : Found opcode in column 1. (CLRF)
Warning[203] E:\!QUINTO SEMESTRE\ARQUITECTURA DE MC Y MU\SUBRUTINAS\LCD.ASM 98 : Found opcode in column 1. (GOTO)
Warning[203] E:\!QUINTO SEMESTRE\ARQUITECTURA DE MC Y MU\SUBRUTINAS\LCD.ASM 137 : Found opcode in column 1. (GOTO)
Message[305] E:\!QUINTO SEMESTRE\ARQUITECTURA DE MC Y MU\SUBRUTINAS\LCD.ASM 196 : Using default destination of 1 (file).
Message[305] E:\!QUINTO SEMESTRE\ARQUITECTURA DE MC Y MU\SUBRUTINAS\LCD.ASM 210 : Using default destination of 1 (file).
Message[305] E:\!QUINTO SEMESTRE\ARQUITECTURA DE MC Y MU\SUBRUTINAS\LCD.ASM 224 : Using default destination of 1 (file).
Message[305] E:\!QUINTO SEMESTRE\ARQUITECTURA DE MC Y MU\SUBRUTINAS\LCD.ASM 238 : Using default destination of 1 (file).
Message[302] E:\!QUINTO SEMESTRE\ARQUITECTURA DE MC Y MU\SUBRUTINAS\LCD.ASM 254 : Register in operand not in bank 0.  Ensure that bank bits are correct.
Message[302] E:\!QUINTO SEMESTRE\ARQUITECTURA DE MC Y MU\SUBRUTINAS\LCD.ASM 256 : Register in operand not in bank 0.  Ensure that bank bits are correct.
Message[302] E:\!QUINTO SEMESTRE\ARQUITECTURA DE MC Y MU\SUBRUTINAS\LCD.ASM 257 : Register in operand not in bank 0.  Ensure that bank bits are correct.
Message[302] E:\!QUINTO SEMESTRE\ARQUITECTURA DE MC Y MU\SUBRUTINAS\LCD.ASM 259 : Register in operand not in bank 0.  Ensure that bank bits are correct.
Warning[203] E:\!QUINTO SEMESTRE\ARQUITECTURA DE MC Y MU\SUBRUTINAS\LCD.ASM 262 : Found opcode in column 1. (RETURN)
Message[302] E:\!QUINTO SEMESTRE\ARQUITECTURA DE MC Y MU\SUBRUTINAS\LCD.ASM 268 : Register in operand not in bank 0.  Ensure that bank bits are correct.
Message[302] E:\!QUINTO SEMESTRE\ARQUITECTURA DE MC Y MU\SUBRUTINAS\LCD.ASM 270 : Register in operand not in bank 0.  Ensure that bank bits are correct.
Message[302] E:\!QUINTO SEMESTRE\ARQUITECTURA DE MC Y MU\SUBRUTINAS\LCD.ASM 271 : Register in operand not in bank 0.  Ensure that bank bits are correct.
Message[302] E:\!QUINTO SEMESTRE\ARQUITECTURA DE MC Y MU\SUBRUTINAS\LCD.ASM 273 : Register in operand not in bank 0.  Ensure that bank bits are correct.
Warning[203] E:\!QUINTO SEMESTRE\ARQUITECTURA DE MC Y MU\SUBRUTINAS\LCD.ASM 276 : Found opcode in column 1. (RETURN)
Message[302] E:\!QUINTO SEMESTRE\ARQUITECTURA DE MC Y MU\SUBRUTINAS\LCD.ASM 281 : Register in operand not in bank 0.  Ensure that bank bits are correct.
Message[302] E:\!QUINTO SEMESTRE\ARQUITECTURA DE MC Y MU\SUBRUTINAS\LCD.ASM 283 : Register in operand not in bank 0.  Ensure that bank bits are correct.
Message[302] E:\!QUINTO SEMESTRE\ARQUITECTURA DE MC Y MU\SUBRUTINAS\LCD.ASM 284 : Register in operand not in bank 0.  Ensure that bank bits are correct.
Message[302] E:\!QUINTO SEMESTRE\ARQUITECTURA DE MC Y MU\SUBRUTINAS\LCD.ASM 286 : Register in operand not in bank 0.  Ensure that bank bits are correct.
Warning[203] E:\!QUINTO SEMESTRE\ARQUITECTURA DE MC Y MU\SUBRUTINAS\LCD.ASM 289 : Found opcode in column 1. (RETURN)
Message[302] E:\!QUINTO SEMESTRE\ARQUITECTURA DE MC Y MU\SUBRUTINAS\LCD.ASM 294 : Register in operand not in bank 0.  Ensure that bank bits are correct.
Message[302] E:\!QUINTO SEMESTRE\ARQUITECTURA DE MC Y MU\SUBRUTINAS\LCD.ASM 296 : Register in operand not in bank 0.  Ensure that bank bits are correct.
Message[302] E:\!QUINTO SEMESTRE\ARQUITECTURA DE MC Y MU\SUBRUTINAS\LCD.ASM 297 : Register in operand not in bank 0.  Ensure that bank bits are correct.
Message[302] E:\!QUINTO SEMESTRE\ARQUITECTURA DE MC Y MU\SUBRUTINAS\LCD.ASM 299 : Register in operand not in bank 0.  Ensure that bank bits are correct.
Warning[203] E:\!QUINTO SEMESTRE\ARQUITECTURA DE MC Y MU\SUBRUTINAS\LCD.ASM 302 : Found opcode in column 1. (RETURN)
Warning[203] E:\!QUINTO SEMESTRE\ARQUITECTURA DE MC Y MU\SUBRUTINAS\LCD.ASM 314 : Found opcode in column 1. (RETURN)
Warning[203] E:\!QUINTO SEMESTRE\ARQUITECTURA DE MC Y MU\SUBRUTINAS\LCD.ASM 321 : Found opcode in column 1. (RETURN)
Warning[203] E:\!QUINTO SEMESTRE\ARQUITECTURA DE MC Y MU\SUBRUTINAS\LCD.ASM 363 : Found opcode in column 1. (GOTO)
Warning[203] E:\!QUINTO SEMESTRE\ARQUITECTURA DE MC Y MU\SUBRUTINAS\LCD.ASM 378 : Found opcode in column 1. (RETURN)
Warning[203] E:\!QUINTO SEMESTRE\ARQUITECTURA DE MC Y MU\SUBRUTINAS\LCD.ASM 424 : Found opcode in column 1. (GOTO)
Warning[203] E:\!QUINTO SEMESTRE\ARQUITECTURA DE MC Y MU\SUBRUTINAS\LCD.ASM 437 : Found opcode in column 1. (RETURN)
Warning[203] E:\!QUINTO SEMESTRE\ARQUITECTURA DE MC Y MU\SUBRUTINAS\LCD.ASM 448 : Found opcode in column 1. (RETURN)
Message[302] E:\!QUINTO SEMESTRE\ARQUITECTURA DE MC Y MU\SUBRUTINAS\LCD.ASM 564 : Register in operand not in bank 0.  Ensure that bank bits are correct.
Message[302] E:\!QUINTO SEMESTRE\ARQUITECTURA DE MC Y MU\SUBRUTINAS\LCD.ASM 568 : Register in operand not in bank 0.  Ensure that bank bits are correct.
Message[302] E:\!QUINTO SEMESTRE\ARQUITECTURA DE MC Y MU\SUBRUTINAS\LCD.ASM 573 : Register in operand not in bank 0.  Ensure that bank bits are correct.
Message[302] E:\!QUINTO SEMESTRE\ARQUITECTURA DE MC Y MU\SUBRUTINAS\LCD.ASM 575 : Register in operand not in bank 0.  Ensure that bank bits are correct.
Message[302] E:\!QUINTO SEMESTRE\ARQUITECTURA DE MC Y MU\SUBRUTINAS\LCD.ASM 577 : Register in operand not in bank 0.  Ensure that bank bits are correct.
Message[302] E:\!QUINTO SEMESTRE\ARQUITECTURA DE MC Y MU\SUBRUTINAS\LCD.ASM 581 : Register in operand not in bank 0.  Ensure that bank bits are correct.
Message[302] E:\!QUINTO SEMESTRE\ARQUITECTURA DE MC Y MU\SUBRUTINAS\LCD.ASM 583 : Register in operand not in bank 0.  Ensure that bank bits are correct.
Message[302] E:\!QUINTO SEMESTRE\ARQUITECTURA DE MC Y MU\SUBRUTINAS\LCD.ASM 584 : Register in operand not in bank 0.  Ensure that bank bits are correct.
Message[302] E:\!QUINTO SEMESTRE\ARQUITECTURA DE MC Y MU\SUBRUTINAS\LCD.ASM 587 : Register in operand not in bank 0.  Ensure that bank bits are correct.
Warning[203] E:\!QUINTO SEMESTRE\ARQUITECTURA DE MC Y MU\SUBRUTINAS\LCD.ASM 589 : Found opcode in column 1. (RETURN)
Message[302] E:\!QUINTO SEMESTRE\ARQUITECTURA DE MC Y MU\SUBRUTINAS\LCD.ASM 594 : Register in operand not in bank 0.  Ensure that bank bits are correct.
Message[302] E:\!QUINTO SEMESTRE\ARQUITECTURA DE MC Y MU\SUBRUTINAS\LCD.ASM 598 : Register in operand not in bank 0.  Ensure that bank bits are correct.
Message[302] E:\!QUINTO SEMESTRE\ARQUITECTURA DE MC Y MU\SUBRUTINAS\LCD.ASM 603 : Register in operand not in bank 0.  Ensure that bank bits are correct.
Message[302] E:\!QUINTO SEMESTRE\ARQUITECTURA DE MC Y MU\SUBRUTINAS\LCD.ASM 605 : Register in operand not in bank 0.  Ensure that bank bits are correct.
Message[302] E:\!QUINTO SEMESTRE\ARQUITECTURA DE MC Y MU\SUBRUTINAS\LCD.ASM 607 : Register in operand not in bank 0.  Ensure that bank bits are correct.
Message[302] E:\!QUINTO SEMESTRE\ARQUITECTURA DE MC Y MU\SUBRUTINAS\LCD.ASM 611 : Register in operand not in bank 0.  Ensure that bank bits are correct.
Message[302] E:\!QUINTO SEMESTRE\ARQUITECTURA DE MC Y MU\SUBRUTINAS\LCD.ASM 613 : Register in operand not in bank 0.  Ensure that bank bits are correct.
Message[302] E:\!QUINTO SEMESTRE\ARQUITECTURA DE MC Y MU\SUBRUTINAS\LCD.ASM 614 : Register in operand not in bank 0.  Ensure that bank bits are correct.
Message[302] E:\!QUINTO SEMESTRE\ARQUITECTURA DE MC Y MU\SUBRUTINAS\LCD.ASM 617 : Register in operand not in bank 0.  Ensure that bank bits are correct.
Warning[203] E:\!QUINTO SEMESTRE\ARQUITECTURA DE MC Y MU\SUBRUTINAS\LCD.ASM 619 : Found opcode in column 1. (RETURN)
Message[302] E:\!QUINTO SEMESTRE\ARQUITECTURA DE MC Y MU\SUBRUTINAS\LCD.ASM 624 : Register in operand not in bank 0.  Ensure that bank bits are correct.
Message[302] E:\!QUINTO SEMESTRE\ARQUITECTURA DE MC Y MU\SUBRUTINAS\LCD.ASM 628 : Register in operand not in bank 0.  Ensure that bank bits are correct.
Message[302] E:\!QUINTO SEMESTRE\ARQUITECTURA DE MC Y MU\SUBRUTINAS\LCD.ASM 633 : Register in operand not in bank 0.  Ensure that bank bits are correct.
Message[302] E:\!QUINTO SEMESTRE\ARQUITECTURA DE MC Y MU\SUBRUTINAS\LCD.ASM 635 : Register in operand not in bank 0.  Ensure that bank bits are correct.
Message[302] E:\!QUINTO SEMESTRE\ARQUITECTURA DE MC Y MU\SUBRUTINAS\LCD.ASM 637 : Register in operand not in bank 0.  Ensure that bank bits are correct.
Message[302] E:\!QUINTO SEMESTRE\ARQUITECTURA DE MC Y MU\SUBRUTINAS\LCD.ASM 641 : Register in operand not in bank 0.  Ensure that bank bits are correct.
Message[302] E:\!QUINTO SEMESTRE\ARQUITECTURA DE MC Y MU\SUBRUTINAS\LCD.ASM 643 : Register in operand not in bank 0.  Ensure that bank bits are correct.
Message[302] E:\!QUINTO SEMESTRE\ARQUITECTURA DE MC Y MU\SUBRUTINAS\LCD.ASM 644 : Register in operand not in bank 0.  Ensure that bank bits are correct.
Message[302] E:\!QUINTO SEMESTRE\ARQUITECTURA DE MC Y MU\SUBRUTINAS\LCD.ASM 647 : Register in operand not in bank 0.  Ensure that bank bits are correct.
Warning[203] E:\!QUINTO SEMESTRE\ARQUITECTURA DE MC Y MU\SUBRUTINAS\LCD.ASM 649 : Found opcode in column 1. (RETURN)
Message[302] E:\!QUINTO SEMESTRE\ARQUITECTURA DE MC Y MU\SUBRUTINAS\LCD.ASM 654 : Register in operand not in bank 0.  Ensure that bank bits are correct.
Message[302] E:\!QUINTO SEMESTRE\ARQUITECTURA DE MC Y MU\SUBRUTINAS\LCD.ASM 658 : Register in operand not in bank 0.  Ensure that bank bits are correct.
Message[302] E:\!QUINTO SEMESTRE\ARQUITECTURA DE MC Y MU\SUBRUTINAS\LCD.ASM 663 : Register in operand not in bank 0.  Ensure that bank bits are correct.
Message[302] E:\!QUINTO SEMESTRE\ARQUITECTURA DE MC Y MU\SUBRUTINAS\LCD.ASM 665 : Register in operand not in bank 0.  Ensure that bank bits are correct.
Message[302] E:\!QUINTO SEMESTRE\ARQUITECTURA DE MC Y MU\SUBRUTINAS\LCD.ASM 667 : Register in operand not in bank 0.  Ensure that bank bits are correct.
Message[302] E:\!QUINTO SEMESTRE\ARQUITECTURA DE MC Y MU\SUBRUTINAS\LCD.ASM 671 : Register in operand not in bank 0.  Ensure that bank bits are correct.
Message[302] E:\!QUINTO SEMESTRE\ARQUITECTURA DE MC Y MU\SUBRUTINAS\LCD.ASM 673 : Register in operand not in bank 0.  Ensure that bank bits are correct.
Message[302] E:\!QUINTO SEMESTRE\ARQUITECTURA DE MC Y MU\SUBRUTINAS\LCD.ASM 674 : Register in operand not in bank 0.  Ensure that bank bits are correct.
Message[302] E:\!QUINTO SEMESTRE\ARQUITECTURA DE MC Y MU\SUBRUTINAS\LCD.ASM 677 : Register in operand not in bank 0.  Ensure that bank bits are correct.
Warning[203] E:\!QUINTO SEMESTRE\ARQUITECTURA DE MC Y MU\SUBRUTINAS\LCD.ASM 679 : Found opcode in column 1. (RETURN)
Message[302] E:\!QUINTO SEMESTRE\ARQUITECTURA DE MC Y MU\SUBRUTINAS\LCD.ASM 682 : Register in operand not in bank 0.  Ensure that bank bits are correct.
Message[302] E:\!QUINTO SEMESTRE\ARQUITECTURA DE MC Y MU\SUBRUTINAS\LCD.ASM 684 : Register in operand not in bank 0.  Ensure that bank bits are correct.
Message[302] E:\!QUINTO SEMESTRE\ARQUITECTURA DE MC Y MU\SUBRUTINAS\LCD.ASM 688 : Register in operand not in bank 0.  Ensure that bank bits are correct.
Message[302] E:\!QUINTO SEMESTRE\ARQUITECTURA DE MC Y MU\SUBRUTINAS\LCD.ASM 690 : Register in operand not in bank 0.  Ensure that bank bits are correct.
Message[302] E:\!QUINTO SEMESTRE\ARQUITECTURA DE MC Y MU\SUBRUTINAS\LCD.ASM 692 : Register in operand not in bank 0.  Ensure that bank bits are correct.
Message[302] E:\!QUINTO SEMESTRE\ARQUITECTURA DE MC Y MU\SUBRUTINAS\LCD.ASM 694 : Register in operand not in bank 0.  Ensure that bank bits are correct.
Message[302] E:\!QUINTO SEMESTRE\ARQUITECTURA DE MC Y MU\SUBRUTINAS\LCD.ASM 698 : Register in operand not in bank 0.  Ensure that bank bits are correct.
Message[302] E:\!QUINTO SEMESTRE\ARQUITECTURA DE MC Y MU\SUBRUTINAS\LCD.ASM 700 : Register in operand not in bank 0.  Ensure that bank bits are correct.
Message[302] E:\!QUINTO SEMESTRE\ARQUITECTURA DE MC Y MU\SUBRUTINAS\LCD.ASM 701 : Register in operand not in bank 0.  Ensure that bank bits are correct.
Message[302] E:\!QUINTO SEMESTRE\ARQUITECTURA DE MC Y MU\SUBRUTINAS\LCD.ASM 704 : Register in operand not in bank 0.  Ensure that bank bits are correct.
Warning[203] E:\!QUINTO SEMESTRE\ARQUITECTURA DE MC Y MU\SUBRUTINAS\LCD.ASM 707 : Found opcode in column 1. (RETURN)
Warning[203] E:\!QUINTO SEMESTRE\ARQUITECTURA DE MC Y MU\SUBRUTINAS\LCD.ASM 726 : Found opcode in column 1. (RETURN)
Warning[203] E:\!QUINTO SEMESTRE\ARQUITECTURA DE MC Y MU\SUBRUTINAS\LCD.ASM 735 : Found opcode in column 1. (RETURN)
Warning[203] E:\!QUINTO SEMESTRE\ARQUITECTURA DE MC Y MU\SUBRUTINAS\LCD.ASM 743 : Found opcode in column 1. (RETURN)
Warning[203] E:\!QUINTO SEMESTRE\ARQUITECTURA DE MC Y MU\SUBRUTINAS\LCD.ASM 751 : Found opcode in column 1. (RETURN)
Warning[203] E:\!QUINTO SEMESTRE\ARQUITECTURA DE MC Y MU\SUBRUTINAS\LCD.ASM 759 : Found opcode in column 1. (RETURN)
Warning[203] E:\!QUINTO SEMESTRE\ARQUITECTURA DE MC Y MU\SUBRUTINAS\LCD.ASM 776 : Found opcode in column 1. (RETURN)
Warning[203] E:\!QUINTO SEMESTRE\ARQUITECTURA DE MC Y MU\SUBRUTINAS\LCD.ASM 787 : Found opcode in column 1. (RETURN)
Warning[203] E:\!QUINTO SEMESTRE\ARQUITECTURA DE MC Y MU\SUBRUTINAS\LCD.ASM 800 : Found opcode in column 1. (RETURN)
Warning[203] E:\!QUINTO SEMESTRE\ARQUITECTURA DE MC Y MU\SUBRUTINAS\LCD.ASM 811 : Found opcode in column 1. (RETURN)
Warning[203] E:\!QUINTO SEMESTRE\ARQUITECTURA DE MC Y MU\SUBRUTINAS\LCD.ASM 823 : Found opcode in column 1. (RETURN)
Warning[203] E:\!QUINTO SEMESTRE\ARQUITECTURA DE MC Y MU\SUBRUTINAS\LCD.ASM 834 : Found opcode in column 1. (RETURN)
Warning[203] E:\!QUINTO SEMESTRE\ARQUITECTURA DE MC Y MU\SUBRUTINAS\LCD.ASM 845 : Found opcode in column 1. (RETURN)
Warning[203] E:\!QUINTO SEMESTRE\ARQUITECTURA DE MC Y MU\SUBRUTINAS\LCD.ASM 856 : Found opcode in column 1. (RETURN)
Warning[203] E:\!QUINTO SEMESTRE\ARQUITECTURA DE MC Y MU\SUBRUTINAS\LCD.ASM 867 : Found opcode in column 1. (RETURN)
Warning[203] E:\!QUINTO SEMESTRE\ARQUITECTURA DE MC Y MU\SUBRUTINAS\LCD.ASM 878 : Found opcode in column 1. (RETURN)
Warning[203] E:\!QUINTO SEMESTRE\ARQUITECTURA DE MC Y MU\SUBRUTINAS\LCD.ASM 889 : Found opcode in column 1. (RETURN)
Warning[203] E:\!QUINTO SEMESTRE\ARQUITECTURA DE MC Y MU\SUBRUTINAS\LCD.ASM 900 : Found opcode in column 1. (RETURN)
Warning[203] E:\!QUINTO SEMESTRE\ARQUITECTURA DE MC Y MU\SUBRUTINAS\LCD.ASM 911 : Found opcode in column 1. (RETURN)
Warning[203] E:\!QUINTO SEMESTRE\ARQUITECTURA DE MC Y MU\SUBRUTINAS\LCD.ASM 922 : Found opcode in column 1. (RETURN)
Warning[203] E:\!QUINTO SEMESTRE\ARQUITECTURA DE MC Y MU\SUBRUTINAS\LCD.ASM 933 : Found opcode in column 1. (RETURN)
Warning[203] E:\!QUINTO SEMESTRE\ARQUITECTURA DE MC Y MU\SUBRUTINAS\LCD.ASM 944 : Found opcode in column 1. (RETURN)
Warning[203] E:\!QUINTO SEMESTRE\ARQUITECTURA DE MC Y MU\SUBRUTINAS\LCD.ASM 955 : Found opcode in column 1. (RETURN)
Warning[203] E:\!QUINTO SEMESTRE\ARQUITECTURA DE MC Y MU\SUBRUTINAS\LCD.ASM 966 : Found opcode in column 1. (RETURN)
Warning[203] E:\!QUINTO SEMESTRE\ARQUITECTURA DE MC Y MU\SUBRUTINAS\LCD.ASM 971 : Found opcode in column 1. (RETURN)
Warning[203] E:\!QUINTO SEMESTRE\ARQUITECTURA DE MC Y MU\SUBRUTINAS\LCD.ASM 977 : Found opcode in column 1. (RETURN)
Warning[203] E:\!QUINTO SEMESTRE\ARQUITECTURA DE MC Y MU\SUBRUTINAS\LCD.ASM 988 : Found opcode in column 1. (RETURN)
Warning[203] E:\!QUINTO SEMESTRE\ARQUITECTURA DE MC Y MU\SUBRUTINAS\LCD.ASM 1000 : Found opcode in column 1. (RETURN)
Warning[203] E:\!QUINTO SEMESTRE\ARQUITECTURA DE MC Y MU\SUBRUTINAS\LCD.ASM 1011 : Found opcode in column 1. (RETURN)
Warning[203] E:\!QUINTO SEMESTRE\ARQUITECTURA DE MC Y MU\SUBRUTINAS\LCD.ASM 1025 : Found opcode in column 1. (RETURN)
Warning[203] E:\!QUINTO SEMESTRE\ARQUITECTURA DE MC Y MU\SUBRUTINAS\LCD.ASM 1053 : Found opcode in column 1. (RETURN)
Warning[203] E:\!QUINTO SEMESTRE\ARQUITECTURA DE MC Y MU\SUBRUTINAS\LCD.ASM 1063 : Found opcode in column 1. (RETURN)
Warning[203] E:\!QUINTO SEMESTRE\ARQUITECTURA DE MC Y MU\SUBRUTINAS\LCD.ASM 1073 : Found opcode in column 1. (RETURN)
Warning[203] E:\!QUINTO SEMESTRE\ARQUITECTURA DE MC Y MU\SUBRUTINAS\LCD.ASM 1084 : Found opcode in column 1. (RETURN)
Warning[203] E:\!QUINTO SEMESTRE\ARQUITECTURA DE MC Y MU\SUBRUTINAS\LCD.ASM 1091 : Found opcode in column 1. (RETURN)
Warning[203] E:\!QUINTO SEMESTRE\ARQUITECTURA DE MC Y MU\SUBRUTINAS\LCD.ASM 1103 : Found opcode in column 1. (RETURN)
Warning[203] E:\!QUINTO SEMESTRE\ARQUITECTURA DE MC Y MU\SUBRUTINAS\LCD.ASM 1113 : Found opcode in column 1. (RETURN)
Warning[203] E:\!QUINTO SEMESTRE\ARQUITECTURA DE MC Y MU\SUBRUTINAS\LCD.ASM 1123 : Found opcode in column 1. (RETURN)
Warning[203] E:\!QUINTO SEMESTRE\ARQUITECTURA DE MC Y MU\SUBRUTINAS\LCD.ASM 1135 : Found opcode in column 1. (RETURN)
Warning[203] E:\!QUINTO SEMESTRE\ARQUITECTURA DE MC Y MU\SUBRUTINAS\LCD.ASM 1148 : Found opcode in column 1. (RETURN)
Warning[203] E:\!QUINTO SEMESTRE\ARQUITECTURA DE MC Y MU\SUBRUTINAS\LCD.ASM 1171 : Found opcode in column 1. (RETURN)
Warning[203] E:\!QUINTO SEMESTRE\ARQUITECTURA DE MC Y MU\SUBRUTINAS\LCD.ASM 1194 : Found opcode in column 1. (RETURN)
Warning[203] E:\!QUINTO SEMESTRE\ARQUITECTURA DE MC Y MU\SUBRUTINAS\LCD.ASM 1209 : Found opcode in column 1. (RETURN)
Warning[203] E:\!QUINTO SEMESTRE\ARQUITECTURA DE MC Y MU\SUBRUTINAS\LCD.ASM 1216 : Found opcode in column 1. (RETURN)
Warning[203] E:\!QUINTO SEMESTRE\ARQUITECTURA DE MC Y MU\SUBRUTINAS\LCD.ASM 1261 : Found opcode in column 1. (RETURN)
Warning[203] E:\!QUINTO SEMESTRE\ARQUITECTURA DE MC Y MU\SUBRUTINAS\LCD.ASM 1271 : Found opcode in column 1. (RETURN)
Warning[203] E:\!QUINTO SEMESTRE\ARQUITECTURA DE MC Y MU\SUBRUTINAS\LCD.ASM 1281 : Found opcode in column 1. (RETURN)
Warning[203] E:\!QUINTO SEMESTRE\ARQUITECTURA DE MC Y MU\SUBRUTINAS\LCD.ASM 1291 : Found opcode in column 1. (RETURN)
Warning[203] E:\!QUINTO SEMESTRE\ARQUITECTURA DE MC Y MU\SUBRUTINAS\LCD.ASM 1301 : Found opcode in column 1. (RETURN)
Warning[203] E:\!QUINTO SEMESTRE\ARQUITECTURA DE MC Y MU\SUBRUTINAS\LCD.ASM 1311 : Found opcode in column 1. (RETURN)
Warning[203] E:\!QUINTO SEMESTRE\ARQUITECTURA DE MC Y MU\SUBRUTINAS\LCD.ASM 1321 : Found opcode in column 1. (RETURN)
Warning[203] E:\!QUINTO SEMESTRE\ARQUITECTURA DE MC Y MU\SUBRUTINAS\LCD.ASM 1331 : Found opcode in column 1. (RETURN)
Warning[203] E:\!QUINTO SEMESTRE\ARQUITECTURA DE MC Y MU\SUBRUTINAS\LCD.ASM 1341 : Found opcode in column 1. (RETURN)
Warning[203] E:\!QUINTO SEMESTRE\ARQUITECTURA DE MC Y MU\SUBRUTINAS\LCD.ASM 1351 : Found opcode in column 1. (RETURN)
Warning[203] E:\!QUINTO SEMESTRE\ARQUITECTURA DE MC Y MU\SUBRUTINAS\LCD.ASM 1361 : Found opcode in column 1. (RETURN)
Warning[203] E:\!QUINTO SEMESTRE\ARQUITECTURA DE MC Y MU\SUBRUTINAS\LCD.ASM 1371 : Found opcode in column 1. (RETURN)
Warning[203] E:\!QUINTO SEMESTRE\ARQUITECTURA DE MC Y MU\SUBRUTINAS\LCD.ASM 1382 : Found opcode in column 1. (RETURN)
Warning[203] E:\!QUINTO SEMESTRE\ARQUITECTURA DE MC Y MU\SUBRUTINAS\LCD.ASM 1392 : Found opcode in column 1. (RETURN)
Warning[203] E:\!QUINTO SEMESTRE\ARQUITECTURA DE MC Y MU\SUBRUTINAS\LCD.ASM 1402 : Found opcode in column 1. (RETURN)
Warning[203] E:\!QUINTO SEMESTRE\ARQUITECTURA DE MC Y MU\SUBRUTINAS\LCD.ASM 1412 : Found opcode in column 1. (RETURN)
Warning[203] E:\!QUINTO SEMESTRE\ARQUITECTURA DE MC Y MU\SUBRUTINAS\LCD.ASM 1422 : Found opcode in column 1. (RETURN)
Warning[203] E:\!QUINTO SEMESTRE\ARQUITECTURA DE MC Y MU\SUBRUTINAS\LCD.ASM 1432 : Found opcode in column 1. (RETURN)
Warning[203] E:\!QUINTO SEMESTRE\ARQUITECTURA DE MC Y MU\SUBRUTINAS\LCD.ASM 1442 : Found opcode in column 1. (RETURN)
Warning[203] E:\!QUINTO SEMESTRE\ARQUITECTURA DE MC Y MU\SUBRUTINAS\LCD.ASM 1452 : Found opcode in column 1. (RETURN)
Warning[203] E:\!QUINTO SEMESTRE\ARQUITECTURA DE MC Y MU\SUBRUTINAS\LCD.ASM 1463 : Found opcode in column 1. (RETURN)
Warning[203] E:\!QUINTO SEMESTRE\ARQUITECTURA DE MC Y MU\SUBRUTINAS\LCD.ASM 1485 : Found opcode in column 1. (RETURN)
Message[305] E:\!QUINTO SEMESTRE\ARQUITECTURA DE MC Y MU\SUBRUTINAS\LCD.ASM 1509 : Using default destination of 1 (file).
Message[305] E:\!QUINTO SEMESTRE\ARQUITECTURA DE MC Y MU\SUBRUTINAS\LCD.ASM 1511 : Using default destination of 1 (file).
Message[305] E:\!QUINTO SEMESTRE\ARQUITECTURA DE MC Y MU\SUBRUTINAS\LCD.ASM 1513 : Using default destination of 1 (file).
Warning[203] E:\!QUINTO SEMESTRE\ARQUITECTURA DE MC Y MU\SUBRUTINAS\LCD.ASM 1515 : Found opcode in column 1. (RETURN)
Warning[205] E:\!QUINTO SEMESTRE\ARQUITECTURA DE MC Y MU\SUBRUTINAS\LCD.ASM 1518 : Found directive in column 1. (END)
